<?xml version="1.0" encoding="UTF-8"?>
<!-- Generated by org.testng.reporters.JUnitXMLReporter -->
<testsuite hostname="INPF18MVW2" ignored="0" name="Regression Test" tests="3" failures="0" timestamp="2020-06-16T09:21:30 IST" time="131.811" errors="0">
  <testcase name="logintitletest" time="0.042" classname="com.qa.testcases.LoginPageTest"/>
  <testcase name="CogmenCRMImageTest" time="0.17" classname="com.qa.testcases.LoginPageTest"/>
  <testcase name="loginTest" time="0.827" classname="com.qa.testcases.LoginPageTest"/>
</testsuite> <!-- Regression Test -->
