<?xml version="1.0" encoding="UTF-8"?>
<!-- Generated by org.testng.reporters.JUnitXMLReporter -->
<testsuite hostname="INPF18MVW2" ignored="0" name="Test" tests="7" failures="0" timestamp="2020-06-05T11:37:12 IST" time="261.151" errors="0">
  <testcase name="logintitletest" time="0.039" classname="com.qa.testcases.LoginPageTest"/>
  <testcase name="CogmenCRMImageTest" time="0.199" classname="com.qa.testcases.LoginPageTest"/>
  <testcase name="loginTest" time="1.318" classname="com.qa.testcases.LoginPageTest"/>
  <testcase name="verifyHomepageTitile" time="0.027" classname="com.qa.testcases.HomePageTest"/>
  <testcase name="verifyUserName" time="4.985" classname="com.qa.testcases.HomePageTest"/>
  <testcase name="verifyContactslinkTest" time="5.542" classname="com.qa.testcases.HomePageTest"/>
  <testcase name="verifyContactlabelname" time="0.523" classname="com.qa.testcases.ContactPageTest"/>
</testsuite> <!-- Test -->
