<?xml version="1.0" encoding="UTF-8"?>
<testng-results skipped="0" failed="0" ignored="0" total="3" passed="3">
  <reporter-output>
  </reporter-output>
  <suite name="Page Object Model By Govinda reddy" duration-ms="131811" started-at="2020-06-16T09:19:18 IST" finished-at="2020-06-16T09:21:30 IST">
    <groups>
    </groups>
    <test name="Regression Test" duration-ms="131811" started-at="2020-06-16T09:19:18 IST" finished-at="2020-06-16T09:21:30 IST">
      <class name="com.qa.testcases.LoginPageTest">
        <test-method status="PASS" signature="setup()[pri:0, instance:com.qa.testcases.LoginPageTest@720b71]" name="setup" is-config="true" duration-ms="50014" started-at="2020-06-16T09:19:18 IST" finished-at="2020-06-16T09:20:08 IST">
          <reporter-output>
          </reporter-output>
        </test-method> <!-- setup -->
        <test-method status="PASS" signature="logintitletest()[pri:1, instance:com.qa.testcases.LoginPageTest@720b71]" name="logintitletest" duration-ms="42" started-at="2020-06-16T09:20:08 IST" finished-at="2020-06-16T09:20:08 IST">
          <reporter-output>
          </reporter-output>
        </test-method> <!-- logintitletest -->
        <test-method status="PASS" signature="teardown()[pri:0, instance:com.qa.testcases.LoginPageTest@720b71]" name="teardown" is-config="true" duration-ms="3327" started-at="2020-06-16T09:20:08 IST" finished-at="2020-06-16T09:20:12 IST">
          <reporter-output>
          </reporter-output>
        </test-method> <!-- teardown -->
        <test-method status="PASS" signature="setup()[pri:0, instance:com.qa.testcases.LoginPageTest@720b71]" name="setup" is-config="true" duration-ms="34505" started-at="2020-06-16T09:20:12 IST" finished-at="2020-06-16T09:20:46 IST">
          <reporter-output>
          </reporter-output>
        </test-method> <!-- setup -->
        <test-method status="PASS" signature="CogmenCRMImageTest()[pri:2, instance:com.qa.testcases.LoginPageTest@720b71]" name="CogmenCRMImageTest" duration-ms="170" started-at="2020-06-16T09:20:46 IST" finished-at="2020-06-16T09:20:46 IST">
          <reporter-output>
          </reporter-output>
        </test-method> <!-- CogmenCRMImageTest -->
        <test-method status="PASS" signature="teardown()[pri:0, instance:com.qa.testcases.LoginPageTest@720b71]" name="teardown" is-config="true" duration-ms="3456" started-at="2020-06-16T09:20:46 IST" finished-at="2020-06-16T09:20:50 IST">
          <reporter-output>
          </reporter-output>
        </test-method> <!-- teardown -->
        <test-method status="PASS" signature="setup()[pri:0, instance:com.qa.testcases.LoginPageTest@720b71]" name="setup" is-config="true" duration-ms="35564" started-at="2020-06-16T09:20:50 IST" finished-at="2020-06-16T09:21:25 IST">
          <reporter-output>
          </reporter-output>
        </test-method> <!-- setup -->
        <test-method status="PASS" signature="loginTest()[pri:3, instance:com.qa.testcases.LoginPageTest@720b71]" name="loginTest" duration-ms="827" started-at="2020-06-16T09:21:25 IST" finished-at="2020-06-16T09:21:26 IST">
          <reporter-output>
          </reporter-output>
        </test-method> <!-- loginTest -->
        <test-method status="PASS" signature="teardown()[pri:0, instance:com.qa.testcases.LoginPageTest@720b71]" name="teardown" is-config="true" duration-ms="3792" started-at="2020-06-16T09:21:26 IST" finished-at="2020-06-16T09:21:30 IST">
          <reporter-output>
          </reporter-output>
        </test-method> <!-- teardown -->
      </class> <!-- com.qa.testcases.LoginPageTest -->
    </test> <!-- Regression Test -->
  </suite> <!-- Page Object Model By Govinda reddy -->
</testng-results>
